This file contains any messages produced by compilers while
running configure, to aid debugging if configure makes a mistake.

It was created by Apertium Thai-Lao configure 0.2.0, which was
generated by GNU Autoconf 2.69.  Invocation command line was

  $ ./configure --with-lang1=../apertium-tha --with-lang2=../apertium-lao

## --------- ##
## Platform. ##
## --------- ##

hostname = kumamon-home
uname -m = x86_64
uname -r = 3.19.0-51-generic
uname -s = Linux
uname -v = #58~14.04.1-Ubuntu SMP Fri Feb 26 22:02:58 UTC 2016

/usr/bin/uname -p = unknown
/bin/uname -X     = unknown

/bin/arch              = unknown
/usr/bin/arch -k       = unknown
/usr/convex/getsysinfo = unknown
/usr/bin/hostinfo      = unknown
/bin/machine           = unknown
/usr/bin/oslevel       = unknown
/bin/universe          = unknown

PATH: /opt/ros/indigo/bin
PATH: /usr/local/sbin
PATH: /usr/local/bin
PATH: /usr/sbin
PATH: /usr/bin
PATH: /sbin
PATH: /bin
PATH: /usr/games
PATH: /usr/local/games
PATH: /home/kumamon/hadoop-2.7.2/bin
PATH: /home/kumamon/hadoop-2.7.2/sbin
PATH: /usr/local/bin


## ----------- ##
## Core tests. ##
## ----------- ##

configure:1834: checking for a BSD-compatible install
configure:1902: result: /usr/bin/install -c
configure:1913: checking whether build environment is sane
configure:1968: result: yes
configure:2119: checking for a thread-safe mkdir -p
configure:2158: result: /bin/mkdir -p
configure:2165: checking for gawk
configure:2181: found /usr/bin/gawk
configure:2192: result: gawk
configure:2203: checking whether make sets $(MAKE)
configure:2225: result: yes
configure:2254: checking whether make supports nested variables
configure:2271: result: yes
configure:2397: checking whether ln -s works
configure:2401: result: yes
configure:2412: checking for gawk
configure:2439: result: gawk
configure:2506: checking for pkg-config
configure:2524: found /usr/bin/pkg-config
configure:2536: result: /usr/bin/pkg-config
configure:2561: checking pkg-config is at least version 0.9.0
configure:2564: result: yes
configure:2574: checking for APERTIUM
configure:2581: $PKG_CONFIG --exists --print-errors "apertium >= 3.4.0"
configure:2584: $? = 0
configure:2598: $PKG_CONFIG --exists --print-errors "apertium >= 3.4.0"
configure:2601: $? = 0
configure:2819: result: yes
configure:2828: checking for cg-comp
configure:2846: found /usr/bin/cg-comp
configure:2859: result: /usr/bin/cg-comp
configure:2873: checking for cg-proc
configure:2891: found /usr/bin/cg-proc
configure:2904: result: /usr/bin/cg-proc
configure:2918: checking for lrx-comp
configure:2936: found /usr/local/bin/lrx-comp
configure:2949: result: /usr/local/bin/lrx-comp
configure:2963: checking for lrx-proc
configure:2981: found /usr/local/bin/lrx-proc
configure:2994: result: /usr/local/bin/lrx-proc
configure:3010: checking for gzcat
configure:3043: result: no
configure:3010: checking for zcat
configure:3028: found /bin/zcat
configure:3040: result: /bin/zcat
configure:3507: checking that generated files are newer than configure
configure:3513: result: done
configure:3521: creating ./config.status

## ---------------------- ##
## Running config.status. ##
## ---------------------- ##

This file was extended by Apertium Thai-Lao config.status 0.2.0, which was
generated by GNU Autoconf 2.69.  Invocation command line was

  CONFIG_FILES    = 
  CONFIG_HEADERS  = 
  CONFIG_LINKS    = 
  CONFIG_COMMANDS = 
  $ ./config.status 

on kumamon-home

config.status:792: creating Makefile

## ---------------- ##
## Cache variables. ##
## ---------------- ##

ac_cv_env_APERTIUM_CFLAGS_set=
ac_cv_env_APERTIUM_CFLAGS_value=
ac_cv_env_APERTIUM_LAO_CFLAGS_set=
ac_cv_env_APERTIUM_LAO_CFLAGS_value=
ac_cv_env_APERTIUM_LAO_LIBS_set=
ac_cv_env_APERTIUM_LAO_LIBS_value=
ac_cv_env_APERTIUM_LIBS_set=
ac_cv_env_APERTIUM_LIBS_value=
ac_cv_env_APERTIUM_THA_CFLAGS_set=
ac_cv_env_APERTIUM_THA_CFLAGS_value=
ac_cv_env_APERTIUM_THA_LIBS_set=
ac_cv_env_APERTIUM_THA_LIBS_value=
ac_cv_env_AP_LIB1_set=
ac_cv_env_AP_LIB1_value=
ac_cv_env_AP_LIB2_set=
ac_cv_env_AP_LIB2_value=
ac_cv_env_AP_SRC1_set=
ac_cv_env_AP_SRC1_value=
ac_cv_env_AP_SRC2_set=
ac_cv_env_AP_SRC2_value=
ac_cv_env_AP_SUBDIRS_set=
ac_cv_env_AP_SUBDIRS_value=
ac_cv_env_PKG_CONFIG_LIBDIR_set=
ac_cv_env_PKG_CONFIG_LIBDIR_value=
ac_cv_env_PKG_CONFIG_PATH_set=set
ac_cv_env_PKG_CONFIG_PATH_value=/opt/ros/indigo/lib/x86_64-linux-gnu/pkgconfig:/home/kumamon/at_home/devel/lib/pkgconfig:/opt/ros/indigo/lib/pkgconfig:/usr/local/lib/pkgconfig:/usr/local/share/pkgconfig:/usr/local/lib/pkgconfig
ac_cv_env_PKG_CONFIG_set=
ac_cv_env_PKG_CONFIG_value=
ac_cv_env_build_alias_set=
ac_cv_env_build_alias_value=
ac_cv_env_host_alias_set=
ac_cv_env_host_alias_value=
ac_cv_env_target_alias_set=
ac_cv_env_target_alias_value=
ac_cv_path_CGCOMP=/usr/bin/cg-comp
ac_cv_path_CGPROC=/usr/bin/cg-proc
ac_cv_path_LRXCOMP=/usr/local/bin/lrx-comp
ac_cv_path_LRXPROC=/usr/local/bin/lrx-proc
ac_cv_path_ZCAT=/bin/zcat
ac_cv_path_ac_pt_PKG_CONFIG=/usr/bin/pkg-config
ac_cv_path_install='/usr/bin/install -c'
ac_cv_path_mkdir=/bin/mkdir
ac_cv_prog_AWK=gawk
ac_cv_prog_make_make_set=yes
am_cv_make_support_nested_variables=yes
pkg_cv_APERTIUM_CFLAGS='-I/usr/local/include/apertium-3.4 -I/usr/local/lib/apertium-3.4/include -I/usr/local/include/lttoolbox-3.3 -I/usr/local/lib/lttoolbox-3.3/include -I/usr/include/libxml2  '
pkg_cv_APERTIUM_LIBS='-L/usr/local/lib -lapertium3 -llttoolbox3 -lxml2 -lpcre  '

## ----------------- ##
## Output variables. ##
## ----------------- ##

ACLOCAL='${SHELL} /home/kumamon/gsoc/test/apertium-tha-lao/missing aclocal-1.14'
AMTAR='$${TAR-tar}'
AM_BACKSLASH='\'
AM_DEFAULT_V='$(AM_DEFAULT_VERBOSITY)'
AM_DEFAULT_VERBOSITY='1'
AM_V='$(V)'
APERTIUM_CFLAGS='-I/usr/local/include/apertium-3.4 -I/usr/local/lib/apertium-3.4/include -I/usr/local/include/lttoolbox-3.3 -I/usr/local/lib/lttoolbox-3.3/include -I/usr/include/libxml2  '
APERTIUM_LAO_CFLAGS=''
APERTIUM_LAO_LIBS=''
APERTIUM_LIBS='-L/usr/local/lib -lapertium3 -llttoolbox3 -lxml2 -lpcre  '
APERTIUM_THA_CFLAGS=''
APERTIUM_THA_LIBS=''
AP_LIB1='../apertium-tha'
AP_LIB2='../apertium-lao'
AP_SRC1='../apertium-tha'
AP_SRC2='../apertium-lao'
AP_SUBDIRS=' ../apertium-tha ../apertium-lao'
AUTOCONF='${SHELL} /home/kumamon/gsoc/test/apertium-tha-lao/missing autoconf'
AUTOHEADER='${SHELL} /home/kumamon/gsoc/test/apertium-tha-lao/missing autoheader'
AUTOMAKE='${SHELL} /home/kumamon/gsoc/test/apertium-tha-lao/missing automake-1.14'
AWK='gawk'
CGCOMP='/usr/bin/cg-comp'
CGPROC='/usr/bin/cg-proc'
CYGPATH_W='echo'
DEFS='-DPACKAGE_NAME=\"Apertium\ Thai-Lao\" -DPACKAGE_TARNAME=\"apertium-tha-lao\" -DPACKAGE_VERSION=\"0.2.0\" -DPACKAGE_STRING=\"Apertium\ Thai-Lao\ 0.2.0\" -DPACKAGE_BUGREPORT=\"thanachote.v@ku.th\" -DPACKAGE_URL=\"http://wiki.apertium.org/wiki/Apertium-tha-lao\" -DPACKAGE=\"apertium-tha-lao\" -DVERSION=\"0.2.0\"'
ECHO_C=''
ECHO_N='-n'
ECHO_T=''
INSTALL_DATA='${INSTALL} -m 644'
INSTALL_PROGRAM='${INSTALL}'
INSTALL_SCRIPT='${INSTALL}'
INSTALL_STRIP_PROGRAM='$(install_sh) -c -s'
LIBOBJS=''
LIBS=''
LN_S='ln -s'
LRXCOMP='/usr/local/bin/lrx-comp'
LRXPROC='/usr/local/bin/lrx-proc'
LTLIBOBJS=''
MAKEINFO='${SHELL} /home/kumamon/gsoc/test/apertium-tha-lao/missing makeinfo'
MKDIR_P='/bin/mkdir -p'
PACKAGE='apertium-tha-lao'
PACKAGE_BUGREPORT='thanachote.v@ku.th'
PACKAGE_NAME='Apertium Thai-Lao'
PACKAGE_STRING='Apertium Thai-Lao 0.2.0'
PACKAGE_TARNAME='apertium-tha-lao'
PACKAGE_URL='http://wiki.apertium.org/wiki/Apertium-tha-lao'
PACKAGE_VERSION='0.2.0'
PATH_SEPARATOR=':'
PKG_CONFIG='/usr/bin/pkg-config'
PKG_CONFIG_LIBDIR=''
PKG_CONFIG_PATH='/opt/ros/indigo/lib/x86_64-linux-gnu/pkgconfig:/home/kumamon/at_home/devel/lib/pkgconfig:/opt/ros/indigo/lib/pkgconfig:/usr/local/lib/pkgconfig:/usr/local/share/pkgconfig:/usr/local/lib/pkgconfig'
SET_MAKE=''
SHELL='/bin/bash'
STRIP=''
VERSION='0.2.0'
ZCAT='/bin/zcat'
am__isrc=''
am__leading_dot='.'
am__tar='$${TAR-tar} chof - "$$tardir"'
am__untar='$${TAR-tar} xf -'
bindir='${exec_prefix}/bin'
build_alias=''
datadir='${datarootdir}'
datarootdir='${prefix}/share'
docdir='${datarootdir}/doc/${PACKAGE_TARNAME}'
dvidir='${docdir}'
exec_prefix='${prefix}'
host_alias=''
htmldir='${docdir}'
includedir='${prefix}/include'
infodir='${datarootdir}/info'
install_sh='${SHELL} /home/kumamon/gsoc/test/apertium-tha-lao/install-sh'
libdir='${exec_prefix}/lib'
libexecdir='${exec_prefix}/libexec'
localedir='${datarootdir}/locale'
localstatedir='${prefix}/var'
mandir='${datarootdir}/man'
mkdir_p='$(MKDIR_P)'
oldincludedir='/usr/include'
pdfdir='${docdir}'
prefix='/usr/local'
program_transform_name='s,x,x,'
psdir='${docdir}'
sbindir='${exec_prefix}/sbin'
sharedstatedir='${prefix}/com'
sysconfdir='${prefix}/etc'
target_alias=''

## ------------------- ##
## File substitutions. ##
## ------------------- ##

ap_include='./ap_include.am'

## ----------- ##
## confdefs.h. ##
## ----------- ##

/* confdefs.h */
#define PACKAGE_NAME "Apertium Thai-Lao"
#define PACKAGE_TARNAME "apertium-tha-lao"
#define PACKAGE_VERSION "0.2.0"
#define PACKAGE_STRING "Apertium Thai-Lao 0.2.0"
#define PACKAGE_BUGREPORT "thanachote.v@ku.th"
#define PACKAGE_URL "http://wiki.apertium.org/wiki/Apertium-tha-lao"
#define PACKAGE "apertium-tha-lao"
#define VERSION "0.2.0"

configure: exit 0
