2009/12/01 09:54:49 INFO  - jmeter.util.JMeterUtils: Setting Locale to es_ES 
2009/12/01 09:54:49 WARN  - jmeter.util.JMeterUtils: Unable to change language to 'es_ES', using 'es' 
2009/12/01 09:54:49 INFO  - jmeter.JMeter: Loading user properties from: /home/vitaka/software/jakarta-jmeter-2.3.3/bin/user.properties 
2009/12/01 09:54:49 INFO  - jmeter.JMeter: Loading system properties from: /home/vitaka/software/jakarta-jmeter-2.3.3/bin/system.properties 
2009/12/01 09:54:49 INFO  - jmeter.JMeter: Copyright (c) 1998-2009 The Apache Software Foundation 
2009/12/01 09:54:49 INFO  - jmeter.JMeter: Version 2.3.3 r776386 
2009/12/01 09:54:49 INFO  - jmeter.JMeter: java.version=1.6.0_16 
2009/12/01 09:54:49 INFO  - jmeter.JMeter: java.vm.name=Java HotSpot(TM) Server VM 
2009/12/01 09:54:49 INFO  - jmeter.JMeter: os.name=Linux 
2009/12/01 09:54:49 INFO  - jmeter.JMeter: os.arch=i386 
2009/12/01 09:54:49 INFO  - jmeter.JMeter: os.version=2.6.28-16-generic 
2009/12/01 09:54:49 INFO  - jmeter.JMeter: file.encoding=UTF-8 
2009/12/01 09:54:49 INFO  - jmeter.JMeter: Default Locale=espa単ol (Espa単a) 
2009/12/01 09:54:49 INFO  - jmeter.JMeter: JMeter  Locale=espa単ol (Espa単a) 
2009/12/01 09:54:49 INFO  - jmeter.JMeter: JMeterHome=/home/vitaka/software/jakarta-jmeter-2.3.3 
2009/12/01 09:54:49 INFO  - jmeter.JMeter: user.dir  =/home/vitaka/NetBeansProjects/scaleMT/ScaleMTRouter/misc 
2009/12/01 09:54:49 INFO  - jmeter.JMeter: PWD       =/home/vitaka/NetBeansProjects/scaleMT/ScaleMTRouter/misc 
2009/12/01 09:54:49 INFO  - jmeter.JMeter: IP: 127.0.1.1 Name: vitakaStation FullName: vitakaStation 
2009/12/01 09:54:49 INFO  - jmeter.services.FileServer: Default base=/home/vitaka/NetBeansProjects/scaleMT/ScaleMTRouter/misc 
2009/12/01 09:54:49 INFO  - jmeter.services.FileServer: Set new base=/tmp 
2009/12/01 09:54:49 INFO  - jmeter.JMeter: Loading file: /tmp/testjmx17563 
2009/12/01 09:54:49 INFO  - jmeter.save.SaveService: Testplan (JMX) version: 2.2. Testlog (JTL) version: 2.2 
2009/12/01 09:54:49 INFO  - jmeter.save.SaveService: Using SaveService properties file encoding UTF-8 
2009/12/01 09:54:49 INFO  - jmeter.save.SaveService: Using SaveService properties file version 697317 
2009/12/01 09:54:49 INFO  - jmeter.save.SaveService: Using SaveService properties version 2.1 
2009/12/01 09:54:49 INFO  - jmeter.save.SaveService: All converter versions present and correct 
2009/12/01 09:54:49 INFO  - jmeter.samplers.SampleResult: Note: Sample TimeStamps are START times 
2009/12/01 09:54:49 INFO  - jmeter.samplers.SampleResult: sampleresult.default.encoding is set to ISO-8859-1 
2009/12/01 09:54:49 INFO  - jmeter.protocol.http.sampler.HTTPSamplerBase: Cannot find .className property for htmlParser, using default 
2009/12/01 09:54:49 INFO  - jmeter.protocol.http.sampler.HTTPSamplerBase: Parser for text/html is  
2009/12/01 09:54:49 INFO  - jmeter.protocol.http.sampler.HTTPSamplerBase: Parser for application/xhtml+xml is  
2009/12/01 09:54:49 INFO  - jmeter.protocol.http.sampler.HTTPSamplerBase: Parser for application/xml is  
2009/12/01 09:54:49 INFO  - jmeter.protocol.http.sampler.HTTPSamplerBase: Parser for text/xml is  
2009/12/01 09:54:49 INFO  - jmeter.protocol.http.sampler.HTTPSamplerBase: Parser for text/vnd.wap.wml is org.apache.jmeter.protocol.http.parser.RegexpHTMLParser 
2009/12/01 09:54:49 INFO  - jmeter.protocol.http.sampler.HTTPSampler: Maximum connection retries = 10 
2009/12/01 09:54:49 INFO  - jmeter.protocol.http.sampler.HTTPSampler: Connection and read timeouts are available on this JVM 
2009/12/01 09:54:49 INFO  - jmeter.JMeter: Creating summariser <summary> 
2009/12/01 09:54:49 INFO  - jmeter.engine.StandardJMeterEngine: Listeners will be started after enabling running version 
2009/12/01 09:54:49 INFO  - jmeter.engine.StandardJMeterEngine: To revert to the earlier behaviour, define jmeterengine.startlistenerslater=false 
2009/12/01 09:54:49 INFO  - jmeter.engine.StandardJMeterEngine: Running the test! 
2009/12/01 09:54:49 INFO  - jmeter.engine.util.CompoundVariable: Note: Function class names must contain the string: '.functions.' 
2009/12/01 09:54:49 INFO  - jmeter.engine.util.CompoundVariable: Note: Function class names must not contain the string: '.gui.' 
2009/12/01 09:54:50 WARN  - jmeter.reporters.ResultCollector: Error creating directories for /tmp 
2009/12/01 09:54:50 INFO  - jmeter.JMeter: Prueba lanzada (1259657690011) 
2009/12/01 09:54:50 INFO  - jmeter.engine.StandardJMeterEngine: Starting 1 threads for group thread group. Ramp up = 0. 
2009/12/01 09:54:50 INFO  - jmeter.engine.StandardJMeterEngine: Thread will continue on error 
2009/12/01 09:54:50 INFO  - jmeter.threads.JMeterThread: jmeterthread.startearlier=true (see jmeter.properties) 
2009/12/01 09:54:50 INFO  - jmeter.threads.JMeterThread: Running PostProcessors in forward order 
2009/12/01 09:54:50 INFO  - jmeter.threads.JMeterThread: Thread started: thread group 1-1 
2009/12/01 09:54:50 INFO  - jmeter.engine.StandardJMeterEngine: All threads have been started 
2009/12/01 09:54:50 INFO  - jmeter.threads.JMeterThread: Thread finished: thread group 1-1 
2009/12/01 09:54:50 INFO  - jmeter.engine.StandardJMeterEngine: Ending thread thread group 1-1 
2009/12/01 09:54:50 INFO  - jmeter.engine.StandardJMeterEngine: Stopping test 
2009/12/01 09:54:50 INFO  - jmeter.engine.StandardJMeterEngine: Notifying test listeners of end of test 
2009/12/01 09:54:50 INFO  - jmeter.reporters.Summariser: summary =     1 in   0,1s =   11,2/s Avg:    89 Min:    89 Max:    89 Err:     0 (0,00%) 
2009/12/01 09:54:50 INFO  - jmeter.engine.StandardJMeterEngine: Test has ended 
